<?xml version="1.0" encoding="UTF-8"?>
<coverage generated="1676138395021" clover="3.2.0">
  <project timestamp="1676138395021" name="All files">
    <metrics statements="92" coveredstatements="63" conditionals="72" coveredconditionals="37" methods="23" coveredmethods="16" elements="187" coveredelements="116" complexity="0" loc="92" ncloc="92" packages="1" files="4" classes="4"/>
    <file name="English.ts" path="/Users/dana/d4lton/node/libraries/common/src/English.ts">
      <metrics statements="39" coveredstatements="15" conditionals="37" coveredconditionals="9" methods="7" coveredmethods="2"/>
      <line num="5" count="3" type="stmt"/>
      <line num="12" count="10" type="stmt"/>
      <line num="13" count="10" type="cond" truecount="0" falsecount="1"/>
      <line num="14" count="10" type="cond" truecount="2" falsecount="0"/>
      <line num="15" count="10" type="stmt"/>
      <line num="16" count="10" type="stmt"/>
      <line num="17" count="10" type="stmt"/>
      <line num="18" count="10" type="stmt"/>
      <line num="19" count="10" type="cond" truecount="2" falsecount="0"/>
      <line num="26" count="15" type="cond" truecount="5" falsecount="1"/>
      <line num="27" count="4" type="stmt"/>
      <line num="28" count="3" type="stmt"/>
      <line num="29" count="2" type="stmt"/>
      <line num="30" count="4" type="stmt"/>
      <line num="31" count="2" type="stmt"/>
      <line num="32" count="0" type="stmt"/>
      <line num="37" count="0" type="stmt"/>
      <line num="38" count="0" type="cond" truecount="0" falsecount="1"/>
      <line num="39" count="0" type="stmt"/>
      <line num="40" count="0" type="stmt"/>
      <line num="41" count="0" type="stmt"/>
      <line num="42" count="0" type="stmt"/>
      <line num="46" count="0" type="cond" truecount="0" falsecount="1"/>
      <line num="47" count="0" type="cond" truecount="0" falsecount="2"/>
      <line num="48" count="0" type="stmt"/>
      <line num="49" count="0" type="stmt"/>
      <line num="50" count="0" type="stmt"/>
      <line num="54" count="0" type="cond" truecount="0" falsecount="2"/>
      <line num="55" count="0" type="stmt"/>
      <line num="56" count="0" type="cond" truecount="0" falsecount="2"/>
      <line num="57" count="0" type="stmt"/>
      <line num="59" count="0" type="stmt"/>
      <line num="67" count="0" type="cond" truecount="0" falsecount="6"/>
      <line num="68" count="0" type="stmt"/>
      <line num="69" count="0" type="cond" truecount="0" falsecount="2"/>
      <line num="70" count="0" type="cond" truecount="0" falsecount="2"/>
      <line num="71" count="0" type="cond" truecount="0" falsecount="2"/>
      <line num="72" count="0" type="cond" truecount="0" falsecount="2"/>
      <line num="73" count="0" type="stmt"/>
    </file>
    <file name="ObjectUtilities.ts" path="/Users/dana/d4lton/node/libraries/common/src/ObjectUtilities.ts">
      <metrics statements="28" coveredstatements="23" conditionals="19" coveredconditionals="12" methods="6" coveredmethods="4"/>
      <line num="5" count="3" type="stmt"/>
      <line num="7" count="3" type="stmt"/>
      <line num="13" count="11" type="cond" truecount="0" falsecount="1"/>
      <line num="14" count="11" type="cond" truecount="0" falsecount="1"/>
      <line num="15" count="11" type="stmt"/>
      <line num="16" count="11" type="stmt"/>
      <line num="17" count="11" type="stmt"/>
      <line num="18" count="20" type="stmt"/>
      <line num="19" count="20" type="stmt"/>
      <line num="20" count="20" type="stmt"/>
      <line num="21" count="20" type="cond" truecount="1" falsecount="0"/>
      <line num="22" count="3" type="stmt"/>
      <line num="23" count="3" type="stmt"/>
      <line num="25" count="20" type="cond" truecount="2" falsecount="0"/>
      <line num="26" count="20" type="cond" truecount="1" falsecount="0"/>
      <line num="27" count="3" type="cond" truecount="1" falsecount="1"/>
      <line num="30" count="0" type="stmt"/>
      <line num="33" count="11" type="cond" truecount="2" falsecount="0"/>
      <line num="40" count="2" type="cond" truecount="2" falsecount="1"/>
      <line num="41" count="2" type="stmt"/>
      <line num="42" count="2" type="stmt"/>
      <line num="43" count="2" type="stmt"/>
      <line num="44" count="3" type="cond" truecount="1" falsecount="0"/>
      <line num="45" count="3" type="cond" truecount="2" falsecount="0"/>
      <line num="53" count="0" type="cond" truecount="0" falsecount="1"/>
      <line num="54" count="0" type="stmt"/>
      <line num="55" count="0" type="cond" truecount="0" falsecount="2"/>
      <line num="58" count="0" type="stmt"/>
    </file>
    <file name="Utilities.ts" path="/Users/dana/d4lton/node/libraries/common/src/Utilities.ts">
      <metrics statements="22" coveredstatements="22" conditionals="16" coveredconditionals="16" methods="7" coveredmethods="7"/>
      <line num="5" count="3" type="stmt"/>
      <line num="11" count="2" type="stmt"/>
      <line num="13" count="2" type="stmt"/>
      <line num="14" count="2" type="stmt"/>
      <line num="15" count="2" type="stmt"/>
      <line num="17" count="2" type="stmt"/>
      <line num="18" count="2" type="stmt"/>
      <line num="26" count="69" type="cond" truecount="2" falsecount="0"/>
      <line num="36" count="22" type="cond" truecount="1" falsecount="0"/>
      <line num="37" count="20" type="cond" truecount="1" falsecount="0"/>
      <line num="38" count="18" type="cond" truecount="1" falsecount="0"/>
      <line num="39" count="3" type="cond" truecount="1" falsecount="0"/>
      <line num="40" count="1" type="stmt"/>
      <line num="47" count="25" type="cond" truecount="1" falsecount="0"/>
      <line num="48" count="23" type="cond" truecount="2" falsecount="0"/>
      <line num="55" count="5" type="cond" truecount="3" falsecount="0"/>
      <line num="57" count="2" type="cond" truecount="1" falsecount="0"/>
      <line num="58" count="1" type="stmt"/>
      <line num="60" count="2" type="cond" truecount="3" falsecount="0"/>
      <line num="61" count="1" type="stmt"/>
      <line num="63" count="1" type="stmt"/>
      <line num="65" count="2" type="stmt"/>
    </file>
    <file name="index.ts" path="/Users/dana/d4lton/node/libraries/common/src/index.ts">
      <metrics statements="3" coveredstatements="3" conditionals="0" coveredconditionals="0" methods="3" coveredmethods="3"/>
      <line num="5" count="18" type="stmt"/>
      <line num="6" count="16" type="stmt"/>
      <line num="7" count="76" type="stmt"/>
    </file>
  </project>
</coverage>
