{"/Users/dana/d4lton/node/libraries/common/src/English.ts": {"path":"/Users/dana/d4lton/node/libraries/common/src/English.ts","statementMap":{"0":{"start":{"line":12,"column":20},"end":{"line":12,"column":55}},"1":{"start":{"line":13,"column":4},"end":{"line":13,"column":null}},"2":{"start":{"line":13,"column":20},"end":{"line":13,"column":82}},"3":{"start":{"line":14,"column":25},"end":{"line":14,"column":42}},"4":{"start":{"line":15,"column":35},"end":{"line":15,"column":57}},"5":{"start":{"line":16,"column":30},"end":{"line":16,"column":40}},"6":{"start":{"line":17,"column":32},"end":{"line":17,"column":65}},"7":{"start":{"line":18,"column":28},"end":{"line":18,"column":56}},"8":{"start":{"line":19,"column":4},"end":{"line":19,"column":45}},"9":{"start":{"line":26,"column":4},"end":{"line":33,"column":null}},"10":{"start":{"line":27,"column":16},"end":{"line":27,"column":28}},"11":{"start":{"line":28,"column":16},"end":{"line":28,"column":29}},"12":{"start":{"line":29,"column":16},"end":{"line":29,"column":31}},"13":{"start":{"line":30,"column":16},"end":{"line":30,"column":32}},"14":{"start":{"line":31,"column":16},"end":{"line":31,"column":33}},"15":{"start":{"line":32,"column":15},"end":{"line":32,"column":68}},"16":{"start":{"line":37,"column":20},"end":{"line":37,"column":80}},"17":{"start":{"line":37,"column":77},"end":{"line":37,"column":79}},"18":{"start":{"line":38,"column":4},"end":{"line":38,"column":null}},"19":{"start":{"line":38,"column":20},"end":{"line":38,"column":83}},"20":{"start":{"line":39,"column":26},"end":{"line":39,"column":48}},"21":{"start":{"line":40,"column":30},"end":{"line":40,"column":40}},"22":{"start":{"line":41,"column":35},"end":{"line":41,"column":79}},"23":{"start":{"line":42,"column":4},"end":{"line":42,"column":34}},"24":{"start":{"line":46,"column":4},"end":{"line":46,"column":null}},"25":{"start":{"line":46,"column":23},"end":{"line":46,"column":35}},"26":{"start":{"line":47,"column":18},"end":{"line":47,"column":38}},"27":{"start":{"line":48,"column":16},"end":{"line":48,"column":61}},"28":{"start":{"line":49,"column":18},"end":{"line":49,"column":60}},"29":{"start":{"line":50,"column":4},"end":{"line":50,"column":61}},"30":{"start":{"line":54,"column":4},"end":{"line":60,"column":null}},"31":{"start":{"line":55,"column":6},"end":{"line":55,"column":50}},"32":{"start":{"line":56,"column":11},"end":{"line":60,"column":null}},"33":{"start":{"line":57,"column":6},"end":{"line":57,"column":50}},"34":{"start":{"line":59,"column":6},"end":{"line":59,"column":43}},"35":{"start":{"line":67,"column":4},"end":{"line":74,"column":null}},"36":{"start":{"line":68,"column":16},"end":{"line":68,"column":25}},"37":{"start":{"line":69,"column":17},"end":{"line":69,"column":47}},"38":{"start":{"line":70,"column":17},"end":{"line":70,"column":55}},"39":{"start":{"line":71,"column":17},"end":{"line":71,"column":63}},"40":{"start":{"line":72,"column":17},"end":{"line":72,"column":71}},"41":{"start":{"line":73,"column":15},"end":{"line":73,"column":68}},"42":{"start":{"line":5,"column":0},"end":{"line":5,"column":13}}},"fnMap":{"0":{"name":"(anonymous_0)","decl":{"start":{"line":11,"column":2},"end":{"line":11,"column":8}},"loc":{"start":{"line":11,"column":24},"end":{"line":20,"column":3}}},"1":{"name":"(anonymous_1)","decl":{"start":{"line":25,"column":2},"end":{"line":25,"column":8}},"loc":{"start":{"line":25,"column":41},"end":{"line":34,"column":3}}},"2":{"name":"(anonymous_2)","decl":{"start":{"line":36,"column":2},"end":{"line":36,"column":8}},"loc":{"start":{"line":36,"column":60},"end":{"line":43,"column":3}}},"3":{"name":"(anonymous_3)","decl":{"start":{"line":37,"column":71},"end":{"line":37,"column":73}},"loc":{"start":{"line":37,"column":77},"end":{"line":37,"column":79}}},"4":{"name":"(anonymous_4)","decl":{"start":{"line":45,"column":2},"end":{"line":45,"column":8}},"loc":{"start":{"line":45,"column":60},"end":{"line":51,"column":3}}},"5":{"name":"(anonymous_5)","decl":{"start":{"line":53,"column":2},"end":{"line":53,"column":8}},"loc":{"start":{"line":53,"column":49},"end":{"line":61,"column":3}}},"6":{"name":"(anonymous_6)","decl":{"start":{"line":66,"column":2},"end":{"line":66,"column":8}},"loc":{"start":{"line":66,"column":68},"end":{"line":75,"column":3}}}},"branchMap":{"0":{"loc":{"start":{"line":13,"column":4},"end":{"line":13,"column":null}},"type":"if","locations":[{"start":{"line":13,"column":4},"end":{"line":13,"column":null}}]},"1":{"loc":{"start":{"line":14,"column":25},"end":{"line":14,"column":42}},"type":"binary-expr","locations":[{"start":{"line":14,"column":25},"end":{"line":14,"column":35}},{"start":{"line":14,"column":39},"end":{"line":14,"column":42}}]},"2":{"loc":{"start":{"line":19,"column":11},"end":{"line":19,"column":44}},"type":"cond-expr","locations":[{"start":{"line":19,"column":26},"end":{"line":19,"column":33}},{"start":{"line":19,"column":36},"end":{"line":19,"column":44}}]},"3":{"loc":{"start":{"line":26,"column":4},"end":{"line":33,"column":null}},"type":"switch","locations":[{"start":{"line":27,"column":6},"end":{"line":27,"column":28}},{"start":{"line":28,"column":6},"end":{"line":28,"column":29}},{"start":{"line":29,"column":6},"end":{"line":29,"column":31}},{"start":{"line":30,"column":6},"end":{"line":30,"column":32}},{"start":{"line":31,"column":6},"end":{"line":31,"column":33}},{"start":{"line":32,"column":6},"end":{"line":32,"column":68}}]},"4":{"loc":{"start":{"line":36,"column":38},"end":{"line":36,"column":60}},"type":"default-arg","locations":[{"start":{"line":36,"column":56},"end":{"line":36,"column":60}}]},"5":{"loc":{"start":{"line":38,"column":4},"end":{"line":38,"column":null}},"type":"if","locations":[{"start":{"line":38,"column":4},"end":{"line":38,"column":null}}]},"6":{"loc":{"start":{"line":45,"column":38},"end":{"line":45,"column":60}},"type":"default-arg","locations":[{"start":{"line":45,"column":56},"end":{"line":45,"column":60}}]},"7":{"loc":{"start":{"line":46,"column":4},"end":{"line":46,"column":null}},"type":"if","locations":[{"start":{"line":46,"column":4},"end":{"line":46,"column":null}}]},"8":{"loc":{"start":{"line":47,"column":18},"end":{"line":47,"column":38}},"type":"cond-expr","locations":[{"start":{"line":47,"column":27},"end":{"line":47,"column":31}},{"start":{"line":47,"column":34},"end":{"line":47,"column":38}}]},"9":{"loc":{"start":{"line":53,"column":27},"end":{"line":53,"column":49}},"type":"default-arg","locations":[{"start":{"line":53,"column":45},"end":{"line":53,"column":49}}]},"10":{"loc":{"start":{"line":54,"column":4},"end":{"line":60,"column":null}},"type":"if","locations":[{"start":{"line":54,"column":4},"end":{"line":60,"column":null}},{"start":{"line":56,"column":11},"end":{"line":60,"column":null}}]},"11":{"loc":{"start":{"line":56,"column":11},"end":{"line":60,"column":null}},"type":"if","locations":[{"start":{"line":56,"column":11},"end":{"line":60,"column":null}},{"start":{"line":58,"column":11},"end":{"line":60,"column":null}}]},"12":{"loc":{"start":{"line":66,"column":46},"end":{"line":66,"column":68}},"type":"default-arg","locations":[{"start":{"line":66,"column":64},"end":{"line":66,"column":68}}]},"13":{"loc":{"start":{"line":67,"column":4},"end":{"line":74,"column":null}},"type":"switch","locations":[{"start":{"line":68,"column":6},"end":{"line":68,"column":25}},{"start":{"line":69,"column":6},"end":{"line":69,"column":47}},{"start":{"line":70,"column":6},"end":{"line":70,"column":55}},{"start":{"line":71,"column":6},"end":{"line":71,"column":63}},{"start":{"line":72,"column":6},"end":{"line":72,"column":71}},{"start":{"line":73,"column":6},"end":{"line":73,"column":68}}]},"14":{"loc":{"start":{"line":69,"column":24},"end":{"line":69,"column":46}},"type":"cond-expr","locations":[{"start":{"line":69,"column":33},"end":{"line":69,"column":38}},{"start":{"line":69,"column":41},"end":{"line":69,"column":46}}]},"15":{"loc":{"start":{"line":70,"column":24},"end":{"line":70,"column":54}},"type":"cond-expr","locations":[{"start":{"line":70,"column":33},"end":{"line":70,"column":42}},{"start":{"line":70,"column":45},"end":{"line":70,"column":54}}]},"16":{"loc":{"start":{"line":71,"column":24},"end":{"line":71,"column":62}},"type":"cond-expr","locations":[{"start":{"line":71,"column":33},"end":{"line":71,"column":46}},{"start":{"line":71,"column":49},"end":{"line":71,"column":62}}]},"17":{"loc":{"start":{"line":72,"column":24},"end":{"line":72,"column":70}},"type":"cond-expr","locations":[{"start":{"line":72,"column":33},"end":{"line":72,"column":50}},{"start":{"line":72,"column":53},"end":{"line":72,"column":70}}]}},"s":{"0":10,"1":10,"2":0,"3":10,"4":10,"5":10,"6":10,"7":10,"8":10,"9":15,"10":4,"11":3,"12":2,"13":4,"14":2,"15":0,"16":0,"17":0,"18":0,"19":0,"20":0,"21":0,"22":0,"23":0,"24":0,"25":0,"26":0,"27":0,"28":0,"29":0,"30":0,"31":0,"32":0,"33":0,"34":0,"35":0,"36":0,"37":0,"38":0,"39":0,"40":0,"41":0,"42":3},"f":{"0":10,"1":15,"2":0,"3":0,"4":0,"5":0,"6":0},"b":{"0":[0],"1":[10,8],"2":[8,2],"3":[4,3,2,4,2,0],"4":[0],"5":[0],"6":[0],"7":[0],"8":[0,0],"9":[0],"10":[0,0],"11":[0,0],"12":[0],"13":[0,0,0,0,0,0],"14":[0,0],"15":[0,0],"16":[0,0],"17":[0,0]}}
,"/Users/dana/d4lton/node/libraries/common/src/ObjectUtilities.ts": {"path":"/Users/dana/d4lton/node/libraries/common/src/ObjectUtilities.ts","statementMap":{"0":{"start":{"line":5,"column":0},"end":{"line":5,"column":38}},"1":{"start":{"line":13,"column":4},"end":{"line":13,"column":null}},"2":{"start":{"line":13,"column":34},"end":{"line":13,"column":54}},"3":{"start":{"line":14,"column":4},"end":{"line":14,"column":null}},"4":{"start":{"line":14,"column":39},"end":{"line":14,"column":59}},"5":{"start":{"line":15,"column":18},"end":{"line":15,"column":32}},"6":{"start":{"line":16,"column":17},"end":{"line":16,"column":23}},"7":{"start":{"line":17,"column":4},"end":{"line":32,"column":7}},"8":{"start":{"line":18,"column":6},"end":{"line":31,"column":null}},"9":{"start":{"line":19,"column":28},"end":{"line":19,"column":30}},"10":{"start":{"line":20,"column":22},"end":{"line":20,"column":52}},"11":{"start":{"line":21,"column":8},"end":{"line":24,"column":null}},"12":{"start":{"line":22,"column":10},"end":{"line":22,"column":26}},"13":{"start":{"line":23,"column":10},"end":{"line":23,"column":37}},"14":{"start":{"line":25,"column":8},"end":{"line":25,"column":65}},"15":{"start":{"line":26,"column":8},"end":{"line":28,"column":null}},"16":{"start":{"line":27,"column":10},"end":{"line":27,"column":69}},"17":{"start":{"line":30,"column":8},"end":{"line":30,"column":27}},"18":{"start":{"line":33,"column":4},"end":{"line":33,"column":59}},"19":{"start":{"line":40,"column":4},"end":{"line":40,"column":null}},"20":{"start":{"line":40,"column":65},"end":{"line":40,"column":72}},"21":{"start":{"line":41,"column":18},"end":{"line":41,"column":32}},"22":{"start":{"line":42,"column":15},"end":{"line":42,"column":21}},"23":{"start":{"line":43,"column":4},"end":{"line":46,"column":7}},"24":{"start":{"line":44,"column":6},"end":{"line":44,"column":null}},"25":{"start":{"line":44,"column":25},"end":{"line":44,"column":41}},"26":{"start":{"line":45,"column":6},"end":{"line":45,"column":null}},"27":{"start":{"line":45,"column":38},"end":{"line":45,"column":56}},"28":{"start":{"line":45,"column":66},"end":{"line":45,"column":85}},"29":{"start":{"line":53,"column":4},"end":{"line":57,"column":null}},"30":{"start":{"line":54,"column":6},"end":{"line":56,"column":16}},"31":{"start":{"line":55,"column":8},"end":{"line":55,"column":95}},"32":{"start":{"line":58,"column":4},"end":{"line":58,"column":18}},"33":{"start":{"line":7,"column":0},"end":{"line":7,"column":13}}},"fnMap":{"0":{"name":"(anonymous_0)","decl":{"start":{"line":12,"column":2},"end":{"line":12,"column":8}},"loc":{"start":{"line":12,"column":71},"end":{"line":34,"column":3}}},"1":{"name":"(anonymous_1)","decl":{"start":{"line":17,"column":18},"end":{"line":17,"column":22}},"loc":{"start":{"line":17,"column":25},"end":{"line":32,"column":5}}},"2":{"name":"(anonymous_2)","decl":{"start":{"line":39,"column":2},"end":{"line":39,"column":8}},"loc":{"start":{"line":39,"column":63},"end":{"line":47,"column":3}}},"3":{"name":"(anonymous_3)","decl":{"start":{"line":43,"column":18},"end":{"line":43,"column":19}},"loc":{"start":{"line":43,"column":34},"end":{"line":46,"column":5}}},"4":{"name":"(anonymous_4)","decl":{"start":{"line":52,"column":2},"end":{"line":52,"column":8}},"loc":{"start":{"line":52,"column":46},"end":{"line":59,"column":3}}},"5":{"name":"(anonymous_5)","decl":{"start":{"line":54,"column":37},"end":{"line":54,"column":40}},"loc":{"start":{"line":54,"column":43},"end":{"line":56,"column":7}}}},"branchMap":{"0":{"loc":{"start":{"line":13,"column":4},"end":{"line":13,"column":null}},"type":"if","locations":[{"start":{"line":13,"column":4},"end":{"line":13,"column":null}}]},"1":{"loc":{"start":{"line":14,"column":4},"end":{"line":14,"column":null}},"type":"if","locations":[{"start":{"line":14,"column":4},"end":{"line":14,"column":null}}]},"2":{"loc":{"start":{"line":21,"column":8},"end":{"line":24,"column":null}},"type":"if","locations":[{"start":{"line":21,"column":8},"end":{"line":24,"column":null}}]},"3":{"loc":{"start":{"line":25,"column":17},"end":{"line":25,"column":64}},"type":"cond-expr","locations":[{"start":{"line":25,"column":40},"end":{"line":25,"column":52}},{"start":{"line":25,"column":55},"end":{"line":25,"column":64}}]},"4":{"loc":{"start":{"line":26,"column":8},"end":{"line":28,"column":null}},"type":"if","locations":[{"start":{"line":26,"column":8},"end":{"line":28,"column":null}}]},"5":{"loc":{"start":{"line":27,"column":19},"end":{"line":27,"column":68}},"type":"cond-expr","locations":[{"start":{"line":27,"column":43},"end":{"line":27,"column":56}},{"start":{"line":27,"column":59},"end":{"line":27,"column":68}}]},"6":{"loc":{"start":{"line":33,"column":11},"end":{"line":33,"column":58}},"type":"cond-expr","locations":[{"start":{"line":33,"column":37},"end":{"line":33,"column":43}},{"start":{"line":33,"column":46},"end":{"line":33,"column":58}}]},"7":{"loc":{"start":{"line":40,"column":4},"end":{"line":40,"column":null}},"type":"if","locations":[{"start":{"line":40,"column":4},"end":{"line":40,"column":null}}]},"8":{"loc":{"start":{"line":40,"column":8},"end":{"line":40,"column":61}},"type":"binary-expr","locations":[{"start":{"line":40,"column":8},"end":{"line":40,"column":30}},{"start":{"line":40,"column":34},"end":{"line":40,"column":61}}]},"9":{"loc":{"start":{"line":44,"column":6},"end":{"line":44,"column":null}},"type":"if","locations":[{"start":{"line":44,"column":6},"end":{"line":44,"column":null}}]},"10":{"loc":{"start":{"line":45,"column":6},"end":{"line":45,"column":null}},"type":"if","locations":[{"start":{"line":45,"column":6},"end":{"line":45,"column":null}},{"start":{"line":45,"column":64},"end":{"line":45,"column":null}}]},"11":{"loc":{"start":{"line":53,"column":4},"end":{"line":57,"column":null}},"type":"if","locations":[{"start":{"line":53,"column":4},"end":{"line":57,"column":null}}]},"12":{"loc":{"start":{"line":55,"column":59},"end":{"line":55,"column":85}},"type":"cond-expr","locations":[{"start":{"line":55,"column":68},"end":{"line":55,"column":80}},{"start":{"line":55,"column":83},"end":{"line":55,"column":85}}]}},"s":{"0":3,"1":11,"2":0,"3":11,"4":0,"5":11,"6":11,"7":11,"8":20,"9":20,"10":20,"11":20,"12":3,"13":3,"14":20,"15":20,"16":3,"17":0,"18":11,"19":2,"20":0,"21":2,"22":2,"23":2,"24":3,"25":1,"26":3,"27":1,"28":2,"29":0,"30":0,"31":0,"32":0,"33":3},"f":{"0":11,"1":20,"2":2,"3":3,"4":0,"5":0},"b":{"0":[0],"1":[0],"2":[3],"3":[16,4],"4":[3],"5":[3,0],"6":[6,5],"7":[0],"8":[2,2],"9":[1],"10":[1,2],"11":[0],"12":[0,0]}}
,"/Users/dana/d4lton/node/libraries/common/src/Utilities.ts": {"path":"/Users/dana/d4lton/node/libraries/common/src/Utilities.ts","statementMap":{"0":{"start":{"line":11,"column":4},"end":{"line":19,"column":7}},"1":{"start":{"line":13,"column":8},"end":{"line":13,"column":30}},"2":{"start":{"line":14,"column":8},"end":{"line":14,"column":64}},"3":{"start":{"line":15,"column":8},"end":{"line":15,"column":18}},"4":{"start":{"line":17,"column":22},"end":{"line":17,"column":44}},"5":{"start":{"line":18,"column":6},"end":{"line":18,"column":59}},"6":{"start":{"line":26,"column":4},"end":{"line":26,"column":49}},"7":{"start":{"line":36,"column":4},"end":{"line":36,"column":null}},"8":{"start":{"line":36,"column":35},"end":{"line":36,"column":47}},"9":{"start":{"line":37,"column":4},"end":{"line":37,"column":null}},"10":{"start":{"line":37,"column":32},"end":{"line":37,"column":58}},"11":{"start":{"line":38,"column":4},"end":{"line":38,"column":null}},"12":{"start":{"line":38,"column":37},"end":{"line":38,"column":63}},"13":{"start":{"line":39,"column":4},"end":{"line":39,"column":null}},"14":{"start":{"line":39,"column":37},"end":{"line":39,"column":76}},"15":{"start":{"line":40,"column":4},"end":{"line":40,"column":17}},"16":{"start":{"line":47,"column":4},"end":{"line":47,"column":null}},"17":{"start":{"line":47,"column":35},"end":{"line":47,"column":48}},"18":{"start":{"line":48,"column":4},"end":{"line":48,"column":64}},"19":{"start":{"line":55,"column":4},"end":{"line":64,"column":null}},"20":{"start":{"line":57,"column":8},"end":{"line":57,"column":null}},"21":{"start":{"line":57,"column":41},"end":{"line":57,"column":54}},"22":{"start":{"line":58,"column":8},"end":{"line":58,"column":14}},"23":{"start":{"line":60,"column":8},"end":{"line":60,"column":null}},"24":{"start":{"line":60,"column":76},"end":{"line":60,"column":89}},"25":{"start":{"line":61,"column":8},"end":{"line":61,"column":14}},"26":{"start":{"line":63,"column":8},"end":{"line":63,"column":21}},"27":{"start":{"line":65,"column":4},"end":{"line":65,"column":16}},"28":{"start":{"line":5,"column":0},"end":{"line":5,"column":13}}},"fnMap":{"0":{"name":"(anonymous_0)","decl":{"start":{"line":10,"column":2},"end":{"line":10,"column":8}},"loc":{"start":{"line":10,"column":61},"end":{"line":20,"column":3}}},"1":{"name":"(anonymous_1)","decl":{"start":{"line":11,"column":29},"end":{"line":11,"column":30}},"loc":{"start":{"line":11,"column":51},"end":{"line":19,"column":5}}},"2":{"name":"awaken","decl":{"start":{"line":12,"column":15},"end":{"line":12,"column":21}},"loc":{"start":{"line":12,"column":21},"end":{"line":16,"column":7}}},"3":{"name":"(anonymous_3)","decl":{"start":{"line":25,"column":2},"end":{"line":25,"column":8}},"loc":{"start":{"line":25,"column":25},"end":{"line":27,"column":3}}},"4":{"name":"(anonymous_4)","decl":{"start":{"line":35,"column":2},"end":{"line":35,"column":8}},"loc":{"start":{"line":35,"column":27},"end":{"line":41,"column":3}}},"5":{"name":"(anonymous_5)","decl":{"start":{"line":46,"column":2},"end":{"line":46,"column":8}},"loc":{"start":{"line":46,"column":28},"end":{"line":49,"column":3}}},"6":{"name":"(anonymous_6)","decl":{"start":{"line":54,"column":2},"end":{"line":54,"column":8}},"loc":{"start":{"line":54,"column":40},"end":{"line":66,"column":3}}}},"branchMap":{"0":{"loc":{"start":{"line":26,"column":11},"end":{"line":26,"column":48}},"type":"binary-expr","locations":[{"start":{"line":26,"column":11},"end":{"line":26,"column":30}},{"start":{"line":26,"column":34},"end":{"line":26,"column":48}}]},"1":{"loc":{"start":{"line":36,"column":4},"end":{"line":36,"column":null}},"type":"if","locations":[{"start":{"line":36,"column":4},"end":{"line":36,"column":null}}]},"2":{"loc":{"start":{"line":37,"column":4},"end":{"line":37,"column":null}},"type":"if","locations":[{"start":{"line":37,"column":4},"end":{"line":37,"column":null}}]},"3":{"loc":{"start":{"line":38,"column":4},"end":{"line":38,"column":null}},"type":"if","locations":[{"start":{"line":38,"column":4},"end":{"line":38,"column":null}}]},"4":{"loc":{"start":{"line":39,"column":4},"end":{"line":39,"column":null}},"type":"if","locations":[{"start":{"line":39,"column":4},"end":{"line":39,"column":null}}]},"5":{"loc":{"start":{"line":47,"column":4},"end":{"line":47,"column":null}},"type":"if","locations":[{"start":{"line":47,"column":4},"end":{"line":47,"column":null}}]},"6":{"loc":{"start":{"line":48,"column":12},"end":{"line":48,"column":62}},"type":"binary-expr","locations":[{"start":{"line":48,"column":12},"end":{"line":48,"column":37}},{"start":{"line":48,"column":41},"end":{"line":48,"column":62}}]},"7":{"loc":{"start":{"line":55,"column":4},"end":{"line":64,"column":null}},"type":"switch","locations":[{"start":{"line":56,"column":6},"end":{"line":58,"column":14}},{"start":{"line":59,"column":6},"end":{"line":61,"column":14}},{"start":{"line":62,"column":6},"end":{"line":63,"column":21}}]},"8":{"loc":{"start":{"line":57,"column":8},"end":{"line":57,"column":null}},"type":"if","locations":[{"start":{"line":57,"column":8},"end":{"line":57,"column":null}}]},"9":{"loc":{"start":{"line":60,"column":8},"end":{"line":60,"column":null}},"type":"if","locations":[{"start":{"line":60,"column":8},"end":{"line":60,"column":null}}]},"10":{"loc":{"start":{"line":60,"column":12},"end":{"line":60,"column":72}},"type":"binary-expr","locations":[{"start":{"line":60,"column":12},"end":{"line":60,"column":37}},{"start":{"line":60,"column":41},"end":{"line":60,"column":72}}]}},"s":{"0":2,"1":2,"2":2,"3":2,"4":2,"5":2,"6":69,"7":22,"8":2,"9":20,"10":2,"11":18,"12":15,"13":3,"14":2,"15":1,"16":25,"17":2,"18":23,"19":5,"20":2,"21":1,"22":1,"23":2,"24":1,"25":1,"26":1,"27":2,"28":3},"f":{"0":2,"1":2,"2":2,"3":69,"4":22,"5":25,"6":5},"b":{"0":[69,60],"1":[2],"2":[2],"3":[15],"4":[2],"5":[2],"6":[23,19],"7":[2,2,1],"8":[1],"9":[1],"10":[2,1]}}
,"/Users/dana/d4lton/node/libraries/common/src/index.ts": {"path":"/Users/dana/d4lton/node/libraries/common/src/index.ts","statementMap":{"0":{"start":{"line":5,"column":0},"end":{"line":5,"column":8}},"1":{"start":{"line":5,"column":8},"end":{"line":5,"column":34}},"2":{"start":{"line":6,"column":0},"end":{"line":6,"column":8}},"3":{"start":{"line":6,"column":8},"end":{"line":6,"column":61}},"4":{"start":{"line":7,"column":0},"end":{"line":7,"column":8}},"5":{"start":{"line":7,"column":8},"end":{"line":7,"column":61}},"6":{"start":{"line":8,"column":0},"end":{"line":8,"column":8}},"7":{"start":{"line":8,"column":8},"end":{"line":8,"column":45}},"8":{"start":{"line":9,"column":0},"end":{"line":9,"column":8}},"9":{"start":{"line":9,"column":8},"end":{"line":9,"column":73}},"10":{"start":{"line":10,"column":0},"end":{"line":10,"column":8}},"11":{"start":{"line":10,"column":8},"end":{"line":10,"column":77}},"12":{"start":{"line":11,"column":0},"end":{"line":11,"column":8}},"13":{"start":{"line":11,"column":8},"end":{"line":11,"column":69}},"14":{"start":{"line":12,"column":0},"end":{"line":12,"column":8}},"15":{"start":{"line":12,"column":8},"end":{"line":12,"column":83}},"16":{"start":{"line":13,"column":0},"end":{"line":13,"column":8}},"17":{"start":{"line":13,"column":8},"end":{"line":13,"column":50}},"18":{"start":{"line":14,"column":0},"end":{"line":14,"column":8}},"19":{"start":{"line":14,"column":8},"end":{"line":14,"column":38}}},"fnMap":{"0":{"name":"(anonymous_0)","decl":{"start":{"line":5,"column":8},"end":{"line":5,"column":15}},"loc":{"start":{"line":5,"column":8},"end":{"line":5,"column":34}}},"1":{"name":"(anonymous_1)","decl":{"start":{"line":6,"column":8},"end":{"line":6,"column":25}},"loc":{"start":{"line":6,"column":8},"end":{"line":6,"column":61}}},"2":{"name":"(anonymous_2)","decl":{"start":{"line":7,"column":8},"end":{"line":7,"column":25}},"loc":{"start":{"line":7,"column":8},"end":{"line":7,"column":61}}},"3":{"name":"(anonymous_3)","decl":{"start":{"line":8,"column":8},"end":{"line":8,"column":17}},"loc":{"start":{"line":8,"column":8},"end":{"line":8,"column":45}}},"4":{"name":"(anonymous_4)","decl":{"start":{"line":9,"column":8},"end":{"line":9,"column":31}},"loc":{"start":{"line":9,"column":8},"end":{"line":9,"column":73}}},"5":{"name":"(anonymous_5)","decl":{"start":{"line":10,"column":8},"end":{"line":10,"column":33}},"loc":{"start":{"line":10,"column":8},"end":{"line":10,"column":77}}},"6":{"name":"(anonymous_6)","decl":{"start":{"line":11,"column":8},"end":{"line":11,"column":29}},"loc":{"start":{"line":11,"column":8},"end":{"line":11,"column":69}}},"7":{"name":"(anonymous_7)","decl":{"start":{"line":12,"column":8},"end":{"line":12,"column":36}},"loc":{"start":{"line":12,"column":8},"end":{"line":12,"column":83}}},"8":{"name":"(anonymous_8)","decl":{"start":{"line":13,"column":8},"end":{"line":13,"column":23}},"loc":{"start":{"line":13,"column":8},"end":{"line":13,"column":50}}},"9":{"name":"(anonymous_9)","decl":{"start":{"line":14,"column":8},"end":{"line":14,"column":17}},"loc":{"start":{"line":14,"column":8},"end":{"line":14,"column":38}}}},"branchMap":{},"s":{"0":3,"1":18,"2":3,"3":3,"4":3,"5":3,"6":3,"7":3,"8":3,"9":3,"10":3,"11":3,"12":3,"13":3,"14":3,"15":3,"16":3,"17":16,"18":3,"19":39},"f":{"0":15,"1":0,"2":0,"3":0,"4":0,"5":0,"6":0,"7":0,"8":13,"9":36},"b":{}}
,"/Users/dana/d4lton/node/libraries/common/src/errors/HttpAcceptedError.ts": {"path":"/Users/dana/d4lton/node/libraries/common/src/errors/HttpAcceptedError.ts","statementMap":{"0":{"start":{"line":5,"column":0},"end":{"line":5,"column":38}},"1":{"start":{"line":10,"column":4},"end":{"line":10,"column":38}},"2":{"start":{"line":7,"column":0},"end":{"line":7,"column":13}}},"fnMap":{"0":{"name":"(anonymous_0)","decl":{"start":{"line":9,"column":2},"end":{"line":9,"column":14}},"loc":{"start":{"line":9,"column":30},"end":{"line":11,"column":3}}}},"branchMap":{"0":{"loc":{"start":{"line":10,"column":15},"end":{"line":10,"column":36}},"type":"binary-expr","locations":[{"start":{"line":10,"column":15},"end":{"line":10,"column":22}},{"start":{"line":10,"column":26},"end":{"line":10,"column":36}}]}},"s":{"0":3,"1":0,"2":3},"f":{"0":0},"b":{"0":[0,0]}}
,"/Users/dana/d4lton/node/libraries/common/src/errors/HttpConflictError.ts": {"path":"/Users/dana/d4lton/node/libraries/common/src/errors/HttpConflictError.ts","statementMap":{"0":{"start":{"line":5,"column":0},"end":{"line":5,"column":38}},"1":{"start":{"line":10,"column":4},"end":{"line":10,"column":38}},"2":{"start":{"line":7,"column":0},"end":{"line":7,"column":13}}},"fnMap":{"0":{"name":"(anonymous_0)","decl":{"start":{"line":9,"column":2},"end":{"line":9,"column":14}},"loc":{"start":{"line":9,"column":30},"end":{"line":11,"column":3}}}},"branchMap":{"0":{"loc":{"start":{"line":10,"column":15},"end":{"line":10,"column":36}},"type":"binary-expr","locations":[{"start":{"line":10,"column":15},"end":{"line":10,"column":22}},{"start":{"line":10,"column":26},"end":{"line":10,"column":36}}]}},"s":{"0":3,"1":0,"2":3},"f":{"0":0},"b":{"0":[0,0]}}
,"/Users/dana/d4lton/node/libraries/common/src/errors/HttpError.ts": {"path":"/Users/dana/d4lton/node/libraries/common/src/errors/HttpError.ts","statementMap":{"0":{"start":{"line":10,"column":4},"end":{"line":10,"column":19}},"1":{"start":{"line":11,"column":4},"end":{"line":11,"column":26}},"2":{"start":{"line":5,"column":0},"end":{"line":5,"column":22}}},"fnMap":{"0":{"name":"(anonymous_0)","decl":{"start":{"line":9,"column":2},"end":{"line":9,"column":24}},"loc":{"start":{"line":9,"column":54},"end":{"line":12,"column":3}}}},"branchMap":{},"s":{"0":0,"1":0,"2":3},"f":{"0":0},"b":{}}
,"/Users/dana/d4lton/node/libraries/common/src/errors/HttpInternalServerError.ts": {"path":"/Users/dana/d4lton/node/libraries/common/src/errors/HttpInternalServerError.ts","statementMap":{"0":{"start":{"line":5,"column":0},"end":{"line":5,"column":38}},"1":{"start":{"line":10,"column":4},"end":{"line":10,"column":51}},"2":{"start":{"line":7,"column":0},"end":{"line":7,"column":13}}},"fnMap":{"0":{"name":"(anonymous_0)","decl":{"start":{"line":9,"column":2},"end":{"line":9,"column":14}},"loc":{"start":{"line":9,"column":30},"end":{"line":11,"column":3}}}},"branchMap":{"0":{"loc":{"start":{"line":10,"column":15},"end":{"line":10,"column":49}},"type":"binary-expr","locations":[{"start":{"line":10,"column":15},"end":{"line":10,"column":22}},{"start":{"line":10,"column":26},"end":{"line":10,"column":49}}]}},"s":{"0":3,"1":0,"2":3},"f":{"0":0},"b":{"0":[0,0]}}
,"/Users/dana/d4lton/node/libraries/common/src/errors/HttpResourceNotFoundError.ts": {"path":"/Users/dana/d4lton/node/libraries/common/src/errors/HttpResourceNotFoundError.ts","statementMap":{"0":{"start":{"line":5,"column":0},"end":{"line":5,"column":38}},"1":{"start":{"line":10,"column":4},"end":{"line":10,"column":39}},"2":{"start":{"line":7,"column":0},"end":{"line":7,"column":13}}},"fnMap":{"0":{"name":"(anonymous_0)","decl":{"start":{"line":9,"column":2},"end":{"line":9,"column":14}},"loc":{"start":{"line":9,"column":30},"end":{"line":11,"column":3}}}},"branchMap":{"0":{"loc":{"start":{"line":10,"column":15},"end":{"line":10,"column":37}},"type":"binary-expr","locations":[{"start":{"line":10,"column":15},"end":{"line":10,"column":22}},{"start":{"line":10,"column":26},"end":{"line":10,"column":37}}]}},"s":{"0":3,"1":0,"2":3},"f":{"0":0},"b":{"0":[0,0]}}
,"/Users/dana/d4lton/node/libraries/common/src/errors/HttpUnauthorizedError.ts": {"path":"/Users/dana/d4lton/node/libraries/common/src/errors/HttpUnauthorizedError.ts","statementMap":{"0":{"start":{"line":5,"column":0},"end":{"line":5,"column":38}},"1":{"start":{"line":10,"column":4},"end":{"line":10,"column":42}},"2":{"start":{"line":7,"column":0},"end":{"line":7,"column":13}}},"fnMap":{"0":{"name":"(anonymous_0)","decl":{"start":{"line":9,"column":2},"end":{"line":9,"column":14}},"loc":{"start":{"line":9,"column":30},"end":{"line":11,"column":3}}}},"branchMap":{"0":{"loc":{"start":{"line":10,"column":15},"end":{"line":10,"column":40}},"type":"binary-expr","locations":[{"start":{"line":10,"column":15},"end":{"line":10,"column":22}},{"start":{"line":10,"column":26},"end":{"line":10,"column":40}}]}},"s":{"0":3,"1":0,"2":3},"f":{"0":0},"b":{"0":[0,0]}}
,"/Users/dana/d4lton/node/libraries/common/src/errors/HttpUnprocessableEntityError.ts": {"path":"/Users/dana/d4lton/node/libraries/common/src/errors/HttpUnprocessableEntityError.ts","statementMap":{"0":{"start":{"line":5,"column":0},"end":{"line":5,"column":38}},"1":{"start":{"line":10,"column":4},"end":{"line":10,"column":50}},"2":{"start":{"line":7,"column":0},"end":{"line":7,"column":13}}},"fnMap":{"0":{"name":"(anonymous_0)","decl":{"start":{"line":9,"column":2},"end":{"line":9,"column":14}},"loc":{"start":{"line":9,"column":30},"end":{"line":11,"column":3}}}},"branchMap":{"0":{"loc":{"start":{"line":10,"column":15},"end":{"line":10,"column":48}},"type":"binary-expr","locations":[{"start":{"line":10,"column":15},"end":{"line":10,"column":22}},{"start":{"line":10,"column":26},"end":{"line":10,"column":48}}]}},"s":{"0":3,"1":0,"2":3},"f":{"0":0},"b":{"0":[0,0]}}
}
