TN:
SF:src/English.ts
FN:11,(anonymous_0)
FN:25,(anonymous_1)
FN:36,(anonymous_2)
FN:37,(anonymous_3)
FN:45,(anonymous_4)
FN:53,(anonymous_5)
FN:66,(anonymous_6)
FNF:7
FNH:2
FNDA:10,(anonymous_0)
FNDA:15,(anonymous_1)
FNDA:0,(anonymous_2)
FNDA:0,(anonymous_3)
FNDA:0,(anonymous_4)
FNDA:0,(anonymous_5)
FNDA:0,(anonymous_6)
DA:5,3
DA:12,10
DA:13,10
DA:14,10
DA:15,10
DA:16,10
DA:17,10
DA:18,10
DA:19,10
DA:26,15
DA:27,4
DA:28,3
DA:29,2
DA:30,4
DA:31,2
DA:32,0
DA:37,0
DA:38,0
DA:39,0
DA:40,0
DA:41,0
DA:42,0
DA:46,0
DA:47,0
DA:48,0
DA:49,0
DA:50,0
DA:54,0
DA:55,0
DA:56,0
DA:57,0
DA:59,0
DA:67,0
DA:68,0
DA:69,0
DA:70,0
DA:71,0
DA:72,0
DA:73,0
LF:39
LH:15
BRDA:13,0,0,0
BRDA:14,1,0,10
BRDA:14,1,1,8
BRDA:19,2,0,8
BRDA:19,2,1,2
BRDA:26,3,0,4
BRDA:26,3,1,3
BRDA:26,3,2,2
BRDA:26,3,3,4
BRDA:26,3,4,2
BRDA:26,3,5,0
BRDA:36,4,0,0
BRDA:38,5,0,0
BRDA:45,6,0,0
BRDA:46,7,0,0
BRDA:47,8,0,0
BRDA:47,8,1,0
BRDA:53,9,0,0
BRDA:54,10,0,0
BRDA:54,10,1,0
BRDA:56,11,0,0
BRDA:56,11,1,0
BRDA:66,12,0,0
BRDA:67,13,0,0
BRDA:67,13,1,0
BRDA:67,13,2,0
BRDA:67,13,3,0
BRDA:67,13,4,0
BRDA:67,13,5,0
BRDA:69,14,0,0
BRDA:69,14,1,0
BRDA:70,15,0,0
BRDA:70,15,1,0
BRDA:71,16,0,0
BRDA:71,16,1,0
BRDA:72,17,0,0
BRDA:72,17,1,0
BRF:37
BRH:9
end_of_record
TN:
SF:src/ObjectUtilities.ts
FN:12,(anonymous_0)
FN:17,(anonymous_1)
FN:39,(anonymous_2)
FN:43,(anonymous_3)
FN:52,(anonymous_4)
FN:54,(anonymous_5)
FNF:6
FNH:4
FNDA:11,(anonymous_0)
FNDA:20,(anonymous_1)
FNDA:2,(anonymous_2)
FNDA:3,(anonymous_3)
FNDA:0,(anonymous_4)
FNDA:0,(anonymous_5)
DA:5,3
DA:7,3
DA:13,11
DA:14,11
DA:15,11
DA:16,11
DA:17,11
DA:18,20
DA:19,20
DA:20,20
DA:21,20
DA:22,3
DA:23,3
DA:25,20
DA:26,20
DA:27,3
DA:30,0
DA:33,11
DA:40,2
DA:41,2
DA:42,2
DA:43,2
DA:44,3
DA:45,3
DA:53,0
DA:54,0
DA:55,0
DA:58,0
LF:28
LH:23
BRDA:13,0,0,0
BRDA:14,1,0,0
BRDA:21,2,0,3
BRDA:25,3,0,16
BRDA:25,3,1,4
BRDA:26,4,0,3
BRDA:27,5,0,3
BRDA:27,5,1,0
BRDA:33,6,0,6
BRDA:33,6,1,5
BRDA:40,7,0,0
BRDA:40,8,0,2
BRDA:40,8,1,2
BRDA:44,9,0,1
BRDA:45,10,0,1
BRDA:45,10,1,2
BRDA:53,11,0,0
BRDA:55,12,0,0
BRDA:55,12,1,0
BRF:19
BRH:12
end_of_record
TN:
SF:src/Utilities.ts
FN:10,(anonymous_0)
FN:11,(anonymous_1)
FN:12,awaken
FN:25,(anonymous_3)
FN:35,(anonymous_4)
FN:46,(anonymous_5)
FN:54,(anonymous_6)
FNF:7
FNH:7
FNDA:2,(anonymous_0)
FNDA:2,(anonymous_1)
FNDA:2,awaken
FNDA:69,(anonymous_3)
FNDA:22,(anonymous_4)
FNDA:25,(anonymous_5)
FNDA:5,(anonymous_6)
DA:5,3
DA:11,2
DA:13,2
DA:14,2
DA:15,2
DA:17,2
DA:18,2
DA:26,69
DA:36,22
DA:37,20
DA:38,18
DA:39,3
DA:40,1
DA:47,25
DA:48,23
DA:55,5
DA:57,2
DA:58,1
DA:60,2
DA:61,1
DA:63,1
DA:65,2
LF:22
LH:22
BRDA:26,0,0,69
BRDA:26,0,1,60
BRDA:36,1,0,2
BRDA:37,2,0,2
BRDA:38,3,0,15
BRDA:39,4,0,2
BRDA:47,5,0,2
BRDA:48,6,0,23
BRDA:48,6,1,19
BRDA:55,7,0,2
BRDA:55,7,1,2
BRDA:55,7,2,1
BRDA:57,8,0,1
BRDA:60,9,0,1
BRDA:60,10,0,2
BRDA:60,10,1,1
BRF:16
BRH:16
end_of_record
TN:
SF:src/index.ts
FN:5,(anonymous_0)
FN:6,(anonymous_1)
FN:7,(anonymous_2)
FN:8,(anonymous_3)
FN:9,(anonymous_4)
FN:10,(anonymous_5)
FN:11,(anonymous_6)
FN:12,(anonymous_7)
FN:13,(anonymous_8)
FN:14,(anonymous_9)
FNF:10
FNH:3
FNDA:15,(anonymous_0)
FNDA:0,(anonymous_1)
FNDA:0,(anonymous_2)
FNDA:0,(anonymous_3)
FNDA:0,(anonymous_4)
FNDA:0,(anonymous_5)
FNDA:0,(anonymous_6)
FNDA:0,(anonymous_7)
FNDA:13,(anonymous_8)
FNDA:36,(anonymous_9)
DA:5,18
DA:6,3
DA:7,3
DA:8,3
DA:9,3
DA:10,3
DA:11,3
DA:12,3
DA:13,16
DA:14,39
LF:10
LH:10
BRF:0
BRH:0
end_of_record
TN:
SF:src/errors/HttpAcceptedError.ts
FN:9,(anonymous_0)
FNF:1
FNH:0
FNDA:0,(anonymous_0)
DA:5,3
DA:7,3
DA:10,0
LF:3
LH:2
BRDA:10,0,0,0
BRDA:10,0,1,0
BRF:2
BRH:0
end_of_record
TN:
SF:src/errors/HttpConflictError.ts
FN:9,(anonymous_0)
FNF:1
FNH:0
FNDA:0,(anonymous_0)
DA:5,3
DA:7,3
DA:10,0
LF:3
LH:2
BRDA:10,0,0,0
BRDA:10,0,1,0
BRF:2
BRH:0
end_of_record
TN:
SF:src/errors/HttpError.ts
FN:9,(anonymous_0)
FNF:1
FNH:0
FNDA:0,(anonymous_0)
DA:5,3
DA:10,0
DA:11,0
LF:3
LH:1
BRF:0
BRH:0
end_of_record
TN:
SF:src/errors/HttpInternalServerError.ts
FN:9,(anonymous_0)
FNF:1
FNH:0
FNDA:0,(anonymous_0)
DA:5,3
DA:7,3
DA:10,0
LF:3
LH:2
BRDA:10,0,0,0
BRDA:10,0,1,0
BRF:2
BRH:0
end_of_record
TN:
SF:src/errors/HttpResourceNotFoundError.ts
FN:9,(anonymous_0)
FNF:1
FNH:0
FNDA:0,(anonymous_0)
DA:5,3
DA:7,3
DA:10,0
LF:3
LH:2
BRDA:10,0,0,0
BRDA:10,0,1,0
BRF:2
BRH:0
end_of_record
TN:
SF:src/errors/HttpUnauthorizedError.ts
FN:9,(anonymous_0)
FNF:1
FNH:0
FNDA:0,(anonymous_0)
DA:5,3
DA:7,3
DA:10,0
LF:3
LH:2
BRDA:10,0,0,0
BRDA:10,0,1,0
BRF:2
BRH:0
end_of_record
TN:
SF:src/errors/HttpUnprocessableEntityError.ts
FN:9,(anonymous_0)
FNF:1
FNH:0
FNDA:0,(anonymous_0)
DA:5,3
DA:7,3
DA:10,0
LF:3
LH:2
BRDA:10,0,0,0
BRDA:10,0,1,0
BRF:2
BRH:0
end_of_record
