TN:
SF:src/English.ts
FN:21,(anonymous_0)
FN:35,(anonymous_1)
FN:46,(anonymous_2)
FN:47,(anonymous_3)
FN:55,(anonymous_4)
FN:63,(anonymous_5)
FN:76,(anonymous_6)
FN:90,(anonymous_7)
FNF:8
FNH:3
FNDA:10,(anonymous_0)
FNDA:15,(anonymous_1)
FNDA:0,(anonymous_2)
FNDA:0,(anonymous_3)
FNDA:0,(anonymous_4)
FNDA:0,(anonymous_5)
FNDA:0,(anonymous_6)
FNDA:2,(anonymous_7)
DA:5,3
DA:7,3
DA:22,10
DA:23,10
DA:24,10
DA:25,10
DA:26,10
DA:27,10
DA:28,10
DA:29,10
DA:36,15
DA:37,4
DA:38,3
DA:39,2
DA:40,4
DA:41,2
DA:42,0
DA:47,0
DA:48,0
DA:49,0
DA:50,0
DA:51,0
DA:52,0
DA:56,0
DA:57,0
DA:58,0
DA:59,0
DA:60,0
DA:64,0
DA:65,0
DA:66,0
DA:67,0
DA:69,0
DA:77,0
DA:78,0
DA:79,0
DA:80,0
DA:81,0
DA:82,0
DA:83,0
DA:91,2
DA:92,2
DA:93,2
DA:94,7
DA:95,7
DA:96,2
DA:98,5
DA:100,0
LF:48
LH:23
BRDA:23,0,0,0
BRDA:24,1,0,10
BRDA:24,1,1,8
BRDA:29,2,0,8
BRDA:29,2,1,2
BRDA:36,3,0,4
BRDA:36,3,1,3
BRDA:36,3,2,2
BRDA:36,3,3,4
BRDA:36,3,4,2
BRDA:36,3,5,0
BRDA:46,4,0,0
BRDA:48,5,0,0
BRDA:55,6,0,0
BRDA:56,7,0,0
BRDA:57,8,0,0
BRDA:57,8,1,0
BRDA:63,9,0,0
BRDA:64,10,0,0
BRDA:64,10,1,0
BRDA:66,11,0,0
BRDA:66,11,1,0
BRDA:76,12,0,0
BRDA:77,13,0,0
BRDA:77,13,1,0
BRDA:77,13,2,0
BRDA:77,13,3,0
BRDA:77,13,4,0
BRDA:77,13,5,0
BRDA:79,14,0,0
BRDA:79,14,1,0
BRDA:80,15,0,0
BRDA:80,15,1,0
BRDA:81,16,0,0
BRDA:81,16,1,0
BRDA:82,17,0,0
BRDA:82,17,1,0
BRDA:90,18,0,2
BRDA:95,19,0,2
BRF:39
BRH:11
end_of_record
TN:
SF:src/ObjectUtilities.ts
FN:12,(anonymous_0)
FN:17,(anonymous_1)
FN:39,(anonymous_2)
FN:43,(anonymous_3)
FN:52,(anonymous_4)
FN:54,(anonymous_5)
FNF:6
FNH:4
FNDA:11,(anonymous_0)
FNDA:20,(anonymous_1)
FNDA:2,(anonymous_2)
FNDA:3,(anonymous_3)
FNDA:0,(anonymous_4)
FNDA:0,(anonymous_5)
DA:5,3
DA:7,3
DA:13,11
DA:14,11
DA:15,11
DA:16,11
DA:17,11
DA:18,20
DA:19,20
DA:20,20
DA:21,20
DA:22,3
DA:23,3
DA:25,20
DA:26,20
DA:27,3
DA:30,0
DA:33,11
DA:40,2
DA:41,2
DA:42,2
DA:43,2
DA:44,3
DA:45,3
DA:53,0
DA:54,0
DA:55,0
DA:58,0
LF:28
LH:23
BRDA:13,0,0,0
BRDA:14,1,0,0
BRDA:21,2,0,3
BRDA:25,3,0,16
BRDA:25,3,1,4
BRDA:26,4,0,3
BRDA:27,5,0,3
BRDA:27,5,1,0
BRDA:33,6,0,6
BRDA:33,6,1,5
BRDA:40,7,0,0
BRDA:40,8,0,2
BRDA:40,8,1,2
BRDA:44,9,0,1
BRDA:45,10,0,1
BRDA:45,10,1,2
BRDA:53,11,0,0
BRDA:55,12,0,0
BRDA:55,12,1,0
BRF:19
BRH:12
end_of_record
TN:
SF:src/Utilities.ts
FN:10,(anonymous_0)
FN:11,(anonymous_1)
FN:12,awaken
FN:25,(anonymous_3)
FN:35,(anonymous_4)
FN:46,(anonymous_5)
FN:54,(anonymous_6)
FN:71,(anonymous_7)
FNF:8
FNH:8
FNDA:2,(anonymous_0)
FNDA:2,(anonymous_1)
FNDA:2,awaken
FNDA:69,(anonymous_3)
FNDA:22,(anonymous_4)
FNDA:25,(anonymous_5)
FNDA:5,(anonymous_6)
FNDA:3,(anonymous_7)
DA:5,3
DA:11,2
DA:13,2
DA:14,2
DA:15,2
DA:17,2
DA:18,2
DA:26,69
DA:36,22
DA:37,20
DA:38,18
DA:39,3
DA:40,1
DA:47,25
DA:48,23
DA:55,5
DA:57,2
DA:58,1
DA:60,2
DA:61,1
DA:63,1
DA:65,2
DA:72,3
DA:73,3
DA:74,1
DA:75,1
DA:77,2
LF:27
LH:27
BRDA:26,0,0,69
BRDA:26,0,1,60
BRDA:36,1,0,2
BRDA:37,2,0,2
BRDA:38,3,0,15
BRDA:39,4,0,2
BRDA:47,5,0,2
BRDA:48,6,0,23
BRDA:48,6,1,19
BRDA:55,7,0,2
BRDA:55,7,1,2
BRDA:55,7,2,1
BRDA:57,8,0,1
BRDA:60,9,0,1
BRDA:60,10,0,2
BRDA:60,10,1,1
BRDA:71,11,0,3
BRDA:72,12,0,2
BRDA:72,12,1,1
BRDA:73,13,0,1
BRF:20
BRH:20
end_of_record
TN:
SF:src/index.ts
FN:5,(anonymous_0)
FN:6,(anonymous_1)
FN:7,(anonymous_2)
FN:8,(anonymous_3)
FN:9,(anonymous_4)
FN:10,(anonymous_5)
FN:11,(anonymous_6)
FN:12,(anonymous_7)
FN:13,(anonymous_8)
FN:14,(anonymous_9)
FNF:10
FNH:3
FNDA:17,(anonymous_0)
FNDA:0,(anonymous_1)
FNDA:0,(anonymous_2)
FNDA:0,(anonymous_3)
FNDA:0,(anonymous_4)
FNDA:0,(anonymous_5)
FNDA:0,(anonymous_6)
FNDA:0,(anonymous_7)
FNDA:13,(anonymous_8)
FNDA:39,(anonymous_9)
DA:5,20
DA:6,3
DA:7,3
DA:8,3
DA:9,3
DA:10,3
DA:11,3
DA:12,3
DA:13,16
DA:14,42
LF:10
LH:10
BRF:0
BRH:0
end_of_record
TN:
SF:src/errors/HttpAcceptedError.ts
FN:9,(anonymous_0)
FNF:1
FNH:0
FNDA:0,(anonymous_0)
DA:5,3
DA:7,3
DA:10,0
LF:3
LH:2
BRDA:10,0,0,0
BRDA:10,0,1,0
BRF:2
BRH:0
end_of_record
TN:
SF:src/errors/HttpConflictError.ts
FN:9,(anonymous_0)
FNF:1
FNH:0
FNDA:0,(anonymous_0)
DA:5,3
DA:7,3
DA:10,0
LF:3
LH:2
BRDA:10,0,0,0
BRDA:10,0,1,0
BRF:2
BRH:0
end_of_record
TN:
SF:src/errors/HttpError.ts
FN:9,(anonymous_0)
FNF:1
FNH:0
FNDA:0,(anonymous_0)
DA:5,3
DA:10,0
DA:11,0
LF:3
LH:1
BRF:0
BRH:0
end_of_record
TN:
SF:src/errors/HttpInternalServerError.ts
FN:9,(anonymous_0)
FNF:1
FNH:0
FNDA:0,(anonymous_0)
DA:5,3
DA:7,3
DA:10,0
LF:3
LH:2
BRDA:10,0,0,0
BRDA:10,0,1,0
BRF:2
BRH:0
end_of_record
TN:
SF:src/errors/HttpResourceNotFoundError.ts
FN:9,(anonymous_0)
FNF:1
FNH:0
FNDA:0,(anonymous_0)
DA:5,3
DA:7,3
DA:10,0
LF:3
LH:2
BRDA:10,0,0,0
BRDA:10,0,1,0
BRF:2
BRH:0
end_of_record
TN:
SF:src/errors/HttpUnauthorizedError.ts
FN:9,(anonymous_0)
FNF:1
FNH:0
FNDA:0,(anonymous_0)
DA:5,3
DA:7,3
DA:10,0
LF:3
LH:2
BRDA:10,0,0,0
BRDA:10,0,1,0
BRF:2
BRH:0
end_of_record
TN:
SF:src/errors/HttpUnprocessableEntityError.ts
FN:9,(anonymous_0)
FNF:1
FNH:0
FNDA:0,(anonymous_0)
DA:5,3
DA:7,3
DA:10,0
LF:3
LH:2
BRDA:10,0,0,0
BRDA:10,0,1,0
BRF:2
BRH:0
end_of_record
